<?xml version="1.0" encoding="UTF-8"?>
<!-- Generated by org.testng.reporters.JUnitXMLReporter -->
<testsuite ignored="0" hostname="DESKTOP-I5MV7FE" failures="0" tests="4" name="Default test" time="43.967" errors="0" timestamp="٢٠٢٥-٠٨-٢٢T٠٠:٤٢:٤٠ غرينتش+٠٣:٠٠">
  <testcase classname="packagee.Midc" name="SinUp" time="12.575"/>
  <testcase classname="packagee.Midc" name="LoginTest" time="1.629"/>
  <testcase classname="packagee.Midc" name="RandomItems" time="13.876"/>
  <testcase classname="packagee.Midc" name="randomitemsandoutofstok" time="9.663"/>
</testsuite> <!-- Default test -->
